C:\Users\chan3\Documents\Visual Studio 2010\Projects\SkeletonSculpt\Release\cl.command.1.tlog
C:\Users\chan3\Documents\Visual Studio 2010\Projects\SkeletonSculpt\Release\CL.read.1.tlog
C:\Users\chan3\Documents\Visual Studio 2010\Projects\SkeletonSculpt\Release\CL.write.1.tlog
C:\USERS\CHAN3\DOCUMENTS\VISUAL STUDIO 2010\PROJECTS\SKELETONSCULPT\RELEASE\DISPLAY.OBJ
C:\USERS\CHAN3\DOCUMENTS\VISUAL STUDIO 2010\PROJECTS\SKELETONSCULPT\RELEASE\DRAWBACKGROUND.OBJ
C:\USERS\CHAN3\DOCUMENTS\VISUAL STUDIO 2010\PROJECTS\SKELETONSCULPT\RELEASE\DRAWHAND.OBJ
C:\USERS\CHAN3\DOCUMENTS\VISUAL STUDIO 2010\PROJECTS\SKELETONSCULPT\RELEASE\DRAWMODEL.OBJ
C:\USERS\CHAN3\DOCUMENTS\VISUAL STUDIO 2010\PROJECTS\SKELETONSCULPT\RELEASE\GESTURE.OBJ
C:\USERS\CHAN3\DOCUMENTS\VISUAL STUDIO 2010\PROJECTS\SKELETONSCULPT\RELEASE\HAND_HISTORY.OBJ
C:\Users\chan3\Documents\Visual Studio 2010\Projects\SkeletonSculpt\Release\link.command.1.tlog
C:\Users\chan3\Documents\Visual Studio 2010\Projects\SkeletonSculpt\Release\link.read.1.tlog
C:\Users\chan3\Documents\Visual Studio 2010\Projects\SkeletonSculpt\Release\link.write.1.tlog
C:\Users\chan3\Documents\Visual Studio 2010\Projects\SkeletonSculpt\Release\link-cvtres.read.1.tlog
C:\Users\chan3\Documents\Visual Studio 2010\Projects\SkeletonSculpt\Release\link-cvtres.write.1.tlog
C:\USERS\CHAN3\DOCUMENTS\VISUAL STUDIO 2010\PROJECTS\SKELETONSCULPT\RELEASE\LOG.OBJ
C:\USERS\CHAN3\DOCUMENTS\VISUAL STUDIO 2010\PROJECTS\SKELETONSCULPT\RELEASE\MAIN.OBJ
C:\USERS\CHAN3\DOCUMENTS\VISUAL STUDIO 2010\PROJECTS\SKELETONSCULPT\RELEASE\MESH.OBJ
C:\USERS\CHAN3\DOCUMENTS\VISUAL STUDIO 2010\PROJECTS\SKELETONSCULPT\RELEASE\MODE.OBJ
C:\Users\chan3\Documents\Visual Studio 2010\Projects\SkeletonSculpt\Release\mt.command.1.tlog
C:\Users\chan3\Documents\Visual Studio 2010\Projects\SkeletonSculpt\Release\mt.read.1.tlog
C:\Users\chan3\Documents\Visual Studio 2010\Projects\SkeletonSculpt\Release\mt.write.1.tlog
C:\USERS\CHAN3\DOCUMENTS\VISUAL STUDIO 2010\PROJECTS\SKELETONSCULPT\RELEASE\PAINT.OBJ
C:\USERS\CHAN3\DOCUMENTS\VISUAL STUDIO 2010\PROJECTS\SKELETONSCULPT\RELEASE\PAIR.OBJ
C:\USERS\CHAN3\DOCUMENTS\VISUAL STUDIO 2010\PROJECTS\SKELETONSCULPT\RELEASE\PICKING.OBJ
C:\USERS\CHAN3\DOCUMENTS\VISUAL STUDIO 2010\PROJECTS\SKELETONSCULPT\RELEASE\PRINT_SCREEN.OBJ
C:\USERS\CHAN3\DOCUMENTS\VISUAL STUDIO 2010\PROJECTS\SKELETONSCULPT\RELEASE\PRINTSRN.OBJ
C:\Users\chan3\Documents\Visual Studio 2010\Projects\SkeletonSculpt\Release\rc.command.1.tlog
C:\Users\chan3\Documents\Visual Studio 2010\Projects\SkeletonSculpt\Release\rc.read.1.tlog
C:\Users\chan3\Documents\Visual Studio 2010\Projects\SkeletonSculpt\Release\rc.write.1.tlog
C:\USERS\CHAN3\DOCUMENTS\VISUAL STUDIO 2010\PROJECTS\SKELETONSCULPT\RELEASE\SKELETONBASICS.OBJ
C:\USERS\CHAN3\DOCUMENTS\VISUAL STUDIO 2010\PROJECTS\SKELETONSCULPT\RELEASE\SKELETONBASICS.RES
C:\USERS\CHAN3\DOCUMENTS\VISUAL STUDIO 2010\PROJECTS\SKELETONSCULPT\RELEASE\SKELETONSCULPT.EXE
C:\USERS\CHAN3\DOCUMENTS\VISUAL STUDIO 2010\PROJECTS\SKELETONSCULPT\RELEASE\SKELETONSCULPT.EXE.INTERMEDIATE.MANIFEST
C:\USERS\CHAN3\DOCUMENTS\VISUAL STUDIO 2010\PROJECTS\SKELETONSCULPT\RELEASE\SKELETONSCULPT.PDB
C:\USERS\CHAN3\DOCUMENTS\VISUAL STUDIO 2010\PROJECTS\SKELETONSCULPT\RELEASE\SMOOTHING.OBJ
C:\USERS\CHAN3\DOCUMENTS\VISUAL STUDIO 2010\PROJECTS\SKELETONSCULPT\RELEASE\UI.OBJ
C:\USERS\CHAN3\DOCUMENTS\VISUAL STUDIO 2010\PROJECTS\SKELETONSCULPT\RELEASE\UI_BUTTON.OBJ
C:\USERS\CHAN3\DOCUMENTS\VISUAL STUDIO 2010\PROJECTS\SKELETONSCULPT\RELEASE\UNDO.OBJ
C:\USERS\CHAN3\DOCUMENTS\VISUAL STUDIO 2010\PROJECTS\SKELETONSCULPT\RELEASE\VC100.PDB
C:\USERS\CHAN3\DOCUMENTS\VISUAL STUDIO 2010\PROJECTS\SKELETONSCULPT\RELEASE\VERTEX.OBJ
C:\USERS\CHAN3\DOCUMENTS\VISUAL STUDIO 2010\PROJECTS\SKELETONSCULPT\RELEASE\VMMODEL.OBJ
C:\USERS\CHAN3\DOCUMENTS\VISUAL STUDIO 2010\PROJECTS\SKELETONSCULPT\RELEASE\WINDOW.OBJ
C:\USERS\CHAN3\DOCUMENTS\VISUAL STUDIO 2010\PROJECTS\SKELETONSCULPT\RELEASE\XNPOINT3D.OBJ
